  Semestralni_prace_DSA.cpp
C:\Git\Personal\Semestralni_prace_DSA\Semestralni_prace_DSA\Semestralni_prace_DSA\Films.h(82,8): warning C4834: zahazuje se návratová hodnota funkce s atributem nodiscard
C:\Git\Personal\Semestralni_prace_DSA\Semestralni_prace_DSA\Semestralni_prace_DSA\Program.h(22,13): warning C4566: Znak, který reprezentuje universal-character-name \u011B, nemůže být reprezentovaný v aktuální znakové stránce (1252).
C:\Git\Personal\Semestralni_prace_DSA\Semestralni_prace_DSA\Semestralni_prace_DSA\Program.h(24,13): warning C4566: Znak, který reprezentuje universal-character-name \u0159, nemůže být reprezentovaný v aktuální znakové stránce (1252).
C:\Git\Personal\Semestralni_prace_DSA\Semestralni_prace_DSA\Semestralni_prace_DSA\Program.h(25,13): warning C4566: Znak, který reprezentuje universal-character-name \u010C, nemůže být reprezentovaný v aktuální znakové stránce (1252).
C:\Git\Personal\Semestralni_prace_DSA\Semestralni_prace_DSA\Semestralni_prace_DSA\Program.h(28,13): warning C4566: Znak, který reprezentuje universal-character-name \u011B, nemůže být reprezentovaný v aktuální znakové stránce (1252).
C:\Git\Personal\Semestralni_prace_DSA\Semestralni_prace_DSA\Semestralni_prace_DSA\Program.h(29,13): warning C4566: Znak, který reprezentuje universal-character-name \u011B, nemůže být reprezentovaný v aktuální znakové stránce (1252).
C:\Git\Personal\Semestralni_prace_DSA\Semestralni_prace_DSA\Semestralni_prace_DSA\Program.h(35,14): warning C4566: Znak, který reprezentuje universal-character-name \u011B, nemůže být reprezentovaný v aktuální znakové stránce (1252).
C:\Git\Personal\Semestralni_prace_DSA\Semestralni_prace_DSA\Semestralni_prace_DSA\Program.h(36,24): warning C4566: Znak, který reprezentuje universal-character-name \u011B, nemůže být reprezentovaný v aktuální znakové stránce (1252).
C:\Git\Personal\Semestralni_prace_DSA\Semestralni_prace_DSA\Semestralni_prace_DSA\Program.h(48,14): warning C4566: Znak, který reprezentuje universal-character-name \u0159, nemůže být reprezentovaný v aktuální znakové stránce (1252).
C:\Git\Personal\Semestralni_prace_DSA\Semestralni_prace_DSA\Semestralni_prace_DSA\Program.h(49,25): warning C4566: Znak, který reprezentuje universal-character-name \u0159, nemůže být reprezentovaný v aktuální znakové stránce (1252).
C:\Git\Personal\Semestralni_prace_DSA\Semestralni_prace_DSA\Semestralni_prace_DSA\Program.h(54,14): warning C4566: Znak, který reprezentuje universal-character-name \u010C, nemůže být reprezentovaný v aktuální znakové stránce (1252).
C:\Git\Personal\Semestralni_prace_DSA\Semestralni_prace_DSA\Semestralni_prace_DSA\Program.h(55,25): warning C4566: Znak, který reprezentuje universal-character-name \u010C, nemůže být reprezentovaný v aktuální znakové stránce (1252).
C:\Git\Personal\Semestralni_prace_DSA\Semestralni_prace_DSA\Semestralni_prace_DSA\Program.h(72,14): warning C4566: Znak, který reprezentuje universal-character-name \u011B, nemůže být reprezentovaný v aktuální znakové stránce (1252).
C:\Git\Personal\Semestralni_prace_DSA\Semestralni_prace_DSA\Semestralni_prace_DSA\Program.h(73,25): warning C4566: Znak, který reprezentuje universal-character-name \u011B, nemůže být reprezentovaný v aktuální znakové stránce (1252).
C:\Git\Personal\Semestralni_prace_DSA\Semestralni_prace_DSA\Semestralni_prace_DSA\Program.h(92,13): warning C4566: Znak, který reprezentuje universal-character-name \u0159, nemůže být reprezentovaný v aktuální znakové stránce (1252).
C:\Git\Personal\Semestralni_prace_DSA\Semestralni_prace_DSA\Semestralni_prace_DSA\Program.h(93,13): warning C4566: Znak, který reprezentuje universal-character-name \u011B, nemůže být reprezentovaný v aktuální znakové stránce (1252).
C:\Git\Personal\Semestralni_prace_DSA\Semestralni_prace_DSA\Semestralni_prace_DSA\Program.h(93,13): warning C4566: Znak, který reprezentuje universal-character-name \u0159, nemůže být reprezentovaný v aktuální znakové stránce (1252).
C:\Git\Personal\Semestralni_prace_DSA\Semestralni_prace_DSA\Semestralni_prace_DSA\Program.h(96,13): warning C4566: Znak, který reprezentuje universal-character-name \u011B, nemůže být reprezentovaný v aktuální znakové stránce (1252).
C:\Git\Personal\Semestralni_prace_DSA\Semestralni_prace_DSA\Semestralni_prace_DSA\Program.h(103,12): warning C4566: Znak, který reprezentuje universal-character-name \u0159, nemůže být reprezentovaný v aktuální znakové stránce (1252).
C:\Git\Personal\Semestralni_prace_DSA\Semestralni_prace_DSA\Semestralni_prace_DSA\Program.h(120,13): warning C4566: Znak, který reprezentuje universal-character-name \u0159, nemůže být reprezentovaný v aktuální znakové stránce (1252).
C:\Git\Personal\Semestralni_prace_DSA\Semestralni_prace_DSA\Semestralni_prace_DSA\Menu.h(53,14): warning C4566: Znak, který reprezentuje universal-character-name \u011B, nemůže být reprezentovaný v aktuální znakové stránce (1252).
C:\Git\Personal\Semestralni_prace_DSA\Semestralni_prace_DSA\Semestralni_prace_DSA\Menu.h(83,13): warning C4566: Znak, který reprezentuje universal-character-name \u011B, nemůže být reprezentovaný v aktuální znakové stránce (1252).
C:\Git\Personal\Semestralni_prace_DSA\Semestralni_prace_DSA\Semestralni_prace_DSA\Menu.h(83,13): warning C4566: Znak, který reprezentuje universal-character-name \u25BC, nemůže být reprezentovaný v aktuální znakové stránce (1252).
C:\Git\Personal\Semestralni_prace_DSA\Semestralni_prace_DSA\Semestralni_prace_DSA\Menu.h(84,13): warning C4566: Znak, který reprezentuje universal-character-name \u011B, nemůže být reprezentovaný v aktuální znakové stránce (1252).
C:\Git\Personal\Semestralni_prace_DSA\Semestralni_prace_DSA\Semestralni_prace_DSA\Menu.h(84,13): warning C4566: Znak, který reprezentuje universal-character-name \u25B2, nemůže být reprezentovaný v aktuální znakové stránce (1252).
C:\Git\Personal\Semestralni_prace_DSA\Semestralni_prace_DSA\Semestralni_prace_DSA\Menu.h(119,14): warning C4566: Znak, který reprezentuje universal-character-name \u011B, nemůže být reprezentovaný v aktuální znakové stránce (1252).
C:\Git\Personal\Semestralni_prace_DSA\Semestralni_prace_DSA\Semestralni_prace_DSA\Menu.h(119,14): warning C4566: Znak, který reprezentuje universal-character-name \u25BC, nemůže být reprezentovaný v aktuální znakové stránce (1252).
C:\Git\Personal\Semestralni_prace_DSA\Semestralni_prace_DSA\Semestralni_prace_DSA\Menu.h(124,14): warning C4566: Znak, který reprezentuje universal-character-name \u011B, nemůže být reprezentovaný v aktuální znakové stránce (1252).
C:\Git\Personal\Semestralni_prace_DSA\Semestralni_prace_DSA\Semestralni_prace_DSA\Menu.h(124,14): warning C4566: Znak, který reprezentuje universal-character-name \u25B2, nemůže být reprezentovaný v aktuální znakové stránce (1252).
C:\Git\Personal\Semestralni_prace_DSA\Semestralni_prace_DSA\Semestralni_prace_DSA\Menu.h(152,13): warning C4566: Znak, který reprezentuje universal-character-name \u0159, nemůže být reprezentovaný v aktuální znakové stránce (1252).
C:\Git\Personal\Semestralni_prace_DSA\Semestralni_prace_DSA\Semestralni_prace_DSA\Menu.h(152,13): warning C4566: Znak, který reprezentuje universal-character-name \u010D, nemůže být reprezentovaný v aktuální znakové stránce (1252).
C:\Git\Personal\Semestralni_prace_DSA\Semestralni_prace_DSA\Semestralni_prace_DSA\Menu.h(153,13): warning C4566: Znak, který reprezentuje universal-character-name \u010D, nemůže být reprezentovaný v aktuální znakové stránce (1252).
C:\Git\Personal\Semestralni_prace_DSA\Semestralni_prace_DSA\Semestralni_prace_DSA\Menu.h(155,13): warning C4566: Znak, který reprezentuje universal-character-name \u0159, nemůže být reprezentovaný v aktuální znakové stránce (1252).
C:\Git\Personal\Semestralni_prace_DSA\Semestralni_prace_DSA\Semestralni_prace_DSA\Menu.h(172,14): warning C4566: Znak, který reprezentuje universal-character-name \u0159, nemůže být reprezentovaný v aktuální znakové stránce (1252).
C:\Git\Personal\Semestralni_prace_DSA\Semestralni_prace_DSA\Semestralni_prace_DSA\Menu.h(172,14): warning C4566: Znak, který reprezentuje universal-character-name \u010D, nemůže být reprezentovaný v aktuální znakové stránce (1252).
C:\Git\Personal\Semestralni_prace_DSA\Semestralni_prace_DSA\Semestralni_prace_DSA\Menu.h(177,14): warning C4566: Znak, který reprezentuje universal-character-name \u010D, nemůže být reprezentovaný v aktuální znakové stránce (1252).
C:\Git\Personal\Semestralni_prace_DSA\Semestralni_prace_DSA\Semestralni_prace_DSA\Menu.h(187,14): warning C4566: Znak, který reprezentuje universal-character-name \u0159, nemůže být reprezentovaný v aktuální znakové stránce (1252).
C:\Git\Personal\Semestralni_prace_DSA\Semestralni_prace_DSA\Semestralni_prace_DSA\Menu.h(214,14): warning C4566: Znak, který reprezentuje universal-character-name \u0159, nemůže být reprezentovaný v aktuální znakové stránce (1252).
C:\Git\Personal\Semestralni_prace_DSA\Semestralni_prace_DSA\Semestralni_prace_DSA\Menu.h(214,14): warning C4566: Znak, který reprezentuje universal-character-name \u010D, nemůže být reprezentovaný v aktuální znakové stránce (1252).
C:\Git\Personal\Semestralni_prace_DSA\Semestralni_prace_DSA\Semestralni_prace_DSA\Menu.h(216,14): warning C4566: Znak, který reprezentuje universal-character-name \u011B, nemůže být reprezentovaný v aktuální znakové stránce (1252).
C:\Git\Personal\Semestralni_prace_DSA\Semestralni_prace_DSA\Semestralni_prace_DSA\Menu.h(218,14): warning C4566: Znak, který reprezentuje universal-character-name \u0159, nemůže být reprezentovaný v aktuální znakové stránce (1252).
C:\Git\Personal\Semestralni_prace_DSA\Semestralni_prace_DSA\Semestralni_prace_DSA\Menu.h(219,14): warning C4566: Znak, který reprezentuje universal-character-name \u010C, nemůže být reprezentovaný v aktuální znakové stránce (1252).
C:\Git\Personal\Semestralni_prace_DSA\Semestralni_prace_DSA\Semestralni_prace_DSA\Menu.h(222,14): warning C4566: Znak, který reprezentuje universal-character-name \u011B, nemůže být reprezentovaný v aktuální znakové stránce (1252).
C:\Git\Personal\Semestralni_prace_DSA\Semestralni_prace_DSA\Semestralni_prace_DSA\Menu.h(223,14): warning C4566: Znak, který reprezentuje universal-character-name \u011B, nemůže být reprezentovaný v aktuální znakové stránce (1252).
C:\Git\Personal\Semestralni_prace_DSA\Semestralni_prace_DSA\Semestralni_prace_DSA\Menu.h(229,15): warning C4566: Znak, který reprezentuje universal-character-name \u011B, nemůže být reprezentovaný v aktuální znakové stránce (1252).
C:\Git\Personal\Semestralni_prace_DSA\Semestralni_prace_DSA\Semestralni_prace_DSA\Menu.h(230,21): warning C4566: Znak, který reprezentuje universal-character-name \u011B, nemůže být reprezentovaný v aktuální znakové stránce (1252).
C:\Git\Personal\Semestralni_prace_DSA\Semestralni_prace_DSA\Semestralni_prace_DSA\Menu.h(240,15): warning C4566: Znak, který reprezentuje universal-character-name \u0159, nemůže být reprezentovaný v aktuální znakové stránce (1252).
C:\Git\Personal\Semestralni_prace_DSA\Semestralni_prace_DSA\Semestralni_prace_DSA\Menu.h(241,21): warning C4566: Znak, který reprezentuje universal-character-name \u0159, nemůže být reprezentovaný v aktuální znakové stránce (1252).
C:\Git\Personal\Semestralni_prace_DSA\Semestralni_prace_DSA\Semestralni_prace_DSA\Menu.h(245,15): warning C4566: Znak, který reprezentuje universal-character-name \u010C, nemůže být reprezentovaný v aktuální znakové stránce (1252).
C:\Git\Personal\Semestralni_prace_DSA\Semestralni_prace_DSA\Semestralni_prace_DSA\Menu.h(246,21): warning C4566: Znak, který reprezentuje universal-character-name \u010C, nemůže být reprezentovaný v aktuální znakové stránce (1252).
C:\Git\Personal\Semestralni_prace_DSA\Semestralni_prace_DSA\Semestralni_prace_DSA\Menu.h(260,15): warning C4566: Znak, který reprezentuje universal-character-name \u011B, nemůže být reprezentovaný v aktuální znakové stránce (1252).
C:\Git\Personal\Semestralni_prace_DSA\Semestralni_prace_DSA\Semestralni_prace_DSA\Menu.h(275,14): warning C4566: Znak, který reprezentuje universal-character-name \u010D, nemůže být reprezentovaný v aktuální znakové stránce (1252).
C:\Git\Personal\Semestralni_prace_DSA\Semestralni_prace_DSA\Semestralni_prace_DSA\Menu.h(282,14): warning C4566: Znak, který reprezentuje universal-character-name \u011B, nemůže být reprezentovaný v aktuální znakové stránce (1252).
C:\Git\Personal\Semestralni_prace_DSA\Semestralni_prace_DSA\Semestralni_prace_DSA\Menu.h(92,9): warning C4101: filter: neodkazovaná lokální proměnná
  Vytváří se kód.
  Previous IPDB not found, fall back to full compilation.
  All 286 functions were compiled because no usable IPDB/IOBJ from previous compilation was found.
  Vytváření kódu se dokončilo.
  Semestralni_prace_DSA.vcxproj -> C:\Git\Personal\Semestralni_prace_DSA\Semestralni_prace_DSA\x64\Release\Semestralni_prace_DSA.exe
