  Semestralni_prace_DSA.cpp
C:\Git\Personal\Semestralni_prace_DSA\Semestralni_prace_DSA\Semestralni_prace_DSA\Program.h(23,13): warning C4566: Znak, který reprezentuje universal-character-name \u011B, nemůže být reprezentovaný v aktuální znakové stránce (1252).
C:\Git\Personal\Semestralni_prace_DSA\Semestralni_prace_DSA\Semestralni_prace_DSA\Program.h(25,13): warning C4566: Znak, který reprezentuje universal-character-name \u0159, nemůže být reprezentovaný v aktuální znakové stránce (1252).
C:\Git\Personal\Semestralni_prace_DSA\Semestralni_prace_DSA\Semestralni_prace_DSA\Program.h(26,13): warning C4566: Znak, který reprezentuje universal-character-name \u010C, nemůže být reprezentovaný v aktuální znakové stránce (1252).
C:\Git\Personal\Semestralni_prace_DSA\Semestralni_prace_DSA\Semestralni_prace_DSA\Program.h(29,13): warning C4566: Znak, který reprezentuje universal-character-name \u011B, nemůže být reprezentovaný v aktuální znakové stránce (1252).
C:\Git\Personal\Semestralni_prace_DSA\Semestralni_prace_DSA\Semestralni_prace_DSA\Program.h(30,13): warning C4566: Znak, který reprezentuje universal-character-name \u011B, nemůže být reprezentovaný v aktuální znakové stránce (1252).
C:\Git\Personal\Semestralni_prace_DSA\Semestralni_prace_DSA\Semestralni_prace_DSA\Program.h(36,14): warning C4566: Znak, který reprezentuje universal-character-name \u011B, nemůže být reprezentovaný v aktuální znakové stránce (1252).
C:\Git\Personal\Semestralni_prace_DSA\Semestralni_prace_DSA\Semestralni_prace_DSA\Program.h(37,24): warning C4566: Znak, který reprezentuje universal-character-name \u011B, nemůže být reprezentovaný v aktuální znakové stránce (1252).
C:\Git\Personal\Semestralni_prace_DSA\Semestralni_prace_DSA\Semestralni_prace_DSA\Program.h(49,14): warning C4566: Znak, který reprezentuje universal-character-name \u0159, nemůže být reprezentovaný v aktuální znakové stránce (1252).
C:\Git\Personal\Semestralni_prace_DSA\Semestralni_prace_DSA\Semestralni_prace_DSA\Program.h(50,25): warning C4566: Znak, který reprezentuje universal-character-name \u0159, nemůže být reprezentovaný v aktuální znakové stránce (1252).
C:\Git\Personal\Semestralni_prace_DSA\Semestralni_prace_DSA\Semestralni_prace_DSA\Program.h(55,14): warning C4566: Znak, který reprezentuje universal-character-name \u010C, nemůže být reprezentovaný v aktuální znakové stránce (1252).
C:\Git\Personal\Semestralni_prace_DSA\Semestralni_prace_DSA\Semestralni_prace_DSA\Program.h(56,25): warning C4566: Znak, který reprezentuje universal-character-name \u010C, nemůže být reprezentovaný v aktuální znakové stránce (1252).
C:\Git\Personal\Semestralni_prace_DSA\Semestralni_prace_DSA\Semestralni_prace_DSA\Program.h(73,14): warning C4566: Znak, který reprezentuje universal-character-name \u011B, nemůže být reprezentovaný v aktuální znakové stránce (1252).
C:\Git\Personal\Semestralni_prace_DSA\Semestralni_prace_DSA\Semestralni_prace_DSA\Program.h(74,25): warning C4566: Znak, který reprezentuje universal-character-name \u011B, nemůže být reprezentovaný v aktuální znakové stránce (1252).
C:\Git\Personal\Semestralni_prace_DSA\Semestralni_prace_DSA\Semestralni_prace_DSA\Program.h(92,13): warning C4566: Znak, který reprezentuje universal-character-name \u0159, nemůže být reprezentovaný v aktuální znakové stránce (1252).
C:\Git\Personal\Semestralni_prace_DSA\Semestralni_prace_DSA\Semestralni_prace_DSA\Program.h(93,13): warning C4566: Znak, který reprezentuje universal-character-name \u011B, nemůže být reprezentovaný v aktuální znakové stránce (1252).
C:\Git\Personal\Semestralni_prace_DSA\Semestralni_prace_DSA\Semestralni_prace_DSA\Program.h(93,13): warning C4566: Znak, který reprezentuje universal-character-name \u0159, nemůže být reprezentovaný v aktuální znakové stránce (1252).
C:\Git\Personal\Semestralni_prace_DSA\Semestralni_prace_DSA\Semestralni_prace_DSA\Program.h(96,13): warning C4566: Znak, který reprezentuje universal-character-name \u011B, nemůže být reprezentovaný v aktuální znakové stránce (1252).
C:\Git\Personal\Semestralni_prace_DSA\Semestralni_prace_DSA\Semestralni_prace_DSA\Program.h(103,12): warning C4566: Znak, který reprezentuje universal-character-name \u0159, nemůže být reprezentovaný v aktuální znakové stránce (1252).
C:\Git\Personal\Semestralni_prace_DSA\Semestralni_prace_DSA\Semestralni_prace_DSA\Program.h(120,13): warning C4566: Znak, který reprezentuje universal-character-name \u0159, nemůže být reprezentovaný v aktuální znakové stránce (1252).
C:\Git\Personal\Semestralni_prace_DSA\Semestralni_prace_DSA\Semestralni_prace_DSA\Menu.h(56,14): warning C4566: Znak, který reprezentuje universal-character-name \u011B, nemůže být reprezentovaný v aktuální znakové stránce (1252).
C:\Git\Personal\Semestralni_prace_DSA\Semestralni_prace_DSA\Semestralni_prace_DSA\Menu.h(86,13): warning C4566: Znak, který reprezentuje universal-character-name \u011B, nemůže být reprezentovaný v aktuální znakové stránce (1252).
C:\Git\Personal\Semestralni_prace_DSA\Semestralni_prace_DSA\Semestralni_prace_DSA\Menu.h(86,13): warning C4566: Znak, který reprezentuje universal-character-name \u25BC, nemůže být reprezentovaný v aktuální znakové stránce (1252).
C:\Git\Personal\Semestralni_prace_DSA\Semestralni_prace_DSA\Semestralni_prace_DSA\Menu.h(87,13): warning C4566: Znak, který reprezentuje universal-character-name \u011B, nemůže být reprezentovaný v aktuální znakové stránce (1252).
C:\Git\Personal\Semestralni_prace_DSA\Semestralni_prace_DSA\Semestralni_prace_DSA\Menu.h(87,13): warning C4566: Znak, který reprezentuje universal-character-name \u25B2, nemůže být reprezentovaný v aktuální znakové stránce (1252).
C:\Git\Personal\Semestralni_prace_DSA\Semestralni_prace_DSA\Semestralni_prace_DSA\Menu.h(103,14): warning C4566: Znak, který reprezentuje universal-character-name \u0159, nemůže být reprezentovaný v aktuální znakové stránce (1252).
C:\Git\Personal\Semestralni_prace_DSA\Semestralni_prace_DSA\Semestralni_prace_DSA\Menu.h(108,14): warning C4566: Znak, který reprezentuje universal-character-name \u011B, nemůže být reprezentovaný v aktuální znakové stránce (1252).
C:\Git\Personal\Semestralni_prace_DSA\Semestralni_prace_DSA\Semestralni_prace_DSA\Menu.h(123,14): warning C4566: Znak, který reprezentuje universal-character-name \u011B, nemůže být reprezentovaný v aktuální znakové stránce (1252).
C:\Git\Personal\Semestralni_prace_DSA\Semestralni_prace_DSA\Semestralni_prace_DSA\Menu.h(123,14): warning C4566: Znak, který reprezentuje universal-character-name \u25BC, nemůže být reprezentovaný v aktuální znakové stránce (1252).
C:\Git\Personal\Semestralni_prace_DSA\Semestralni_prace_DSA\Semestralni_prace_DSA\Menu.h(128,14): warning C4566: Znak, který reprezentuje universal-character-name \u011B, nemůže být reprezentovaný v aktuální znakové stránce (1252).
C:\Git\Personal\Semestralni_prace_DSA\Semestralni_prace_DSA\Semestralni_prace_DSA\Menu.h(128,14): warning C4566: Znak, který reprezentuje universal-character-name \u25B2, nemůže být reprezentovaný v aktuální znakové stránce (1252).
C:\Git\Personal\Semestralni_prace_DSA\Semestralni_prace_DSA\Semestralni_prace_DSA\Menu.h(158,13): warning C4566: Znak, který reprezentuje universal-character-name \u0159, nemůže být reprezentovaný v aktuální znakové stránce (1252).
C:\Git\Personal\Semestralni_prace_DSA\Semestralni_prace_DSA\Semestralni_prace_DSA\Menu.h(158,13): warning C4566: Znak, který reprezentuje universal-character-name \u010D, nemůže být reprezentovaný v aktuální znakové stránce (1252).
C:\Git\Personal\Semestralni_prace_DSA\Semestralni_prace_DSA\Semestralni_prace_DSA\Menu.h(159,13): warning C4566: Znak, který reprezentuje universal-character-name \u010D, nemůže být reprezentovaný v aktuální znakové stránce (1252).
C:\Git\Personal\Semestralni_prace_DSA\Semestralni_prace_DSA\Semestralni_prace_DSA\Menu.h(161,13): warning C4566: Znak, který reprezentuje universal-character-name \u0159, nemůže být reprezentovaný v aktuální znakové stránce (1252).
C:\Git\Personal\Semestralni_prace_DSA\Semestralni_prace_DSA\Semestralni_prace_DSA\Menu.h(178,14): warning C4566: Znak, který reprezentuje universal-character-name \u0159, nemůže být reprezentovaný v aktuální znakové stránce (1252).
C:\Git\Personal\Semestralni_prace_DSA\Semestralni_prace_DSA\Semestralni_prace_DSA\Menu.h(178,14): warning C4566: Znak, který reprezentuje universal-character-name \u010D, nemůže být reprezentovaný v aktuální znakové stránce (1252).
C:\Git\Personal\Semestralni_prace_DSA\Semestralni_prace_DSA\Semestralni_prace_DSA\Menu.h(183,14): warning C4566: Znak, který reprezentuje universal-character-name \u010D, nemůže být reprezentovaný v aktuální znakové stránce (1252).
C:\Git\Personal\Semestralni_prace_DSA\Semestralni_prace_DSA\Semestralni_prace_DSA\Menu.h(193,14): warning C4566: Znak, který reprezentuje universal-character-name \u0159, nemůže být reprezentovaný v aktuální znakové stránce (1252).
C:\Git\Personal\Semestralni_prace_DSA\Semestralni_prace_DSA\Semestralni_prace_DSA\Menu.h(220,14): warning C4566: Znak, který reprezentuje universal-character-name \u0159, nemůže být reprezentovaný v aktuální znakové stránce (1252).
C:\Git\Personal\Semestralni_prace_DSA\Semestralni_prace_DSA\Semestralni_prace_DSA\Menu.h(220,14): warning C4566: Znak, který reprezentuje universal-character-name \u010D, nemůže být reprezentovaný v aktuální znakové stránce (1252).
C:\Git\Personal\Semestralni_prace_DSA\Semestralni_prace_DSA\Semestralni_prace_DSA\Menu.h(222,14): warning C4566: Znak, který reprezentuje universal-character-name \u011B, nemůže být reprezentovaný v aktuální znakové stránce (1252).
C:\Git\Personal\Semestralni_prace_DSA\Semestralni_prace_DSA\Semestralni_prace_DSA\Menu.h(224,14): warning C4566: Znak, který reprezentuje universal-character-name \u0159, nemůže být reprezentovaný v aktuální znakové stránce (1252).
C:\Git\Personal\Semestralni_prace_DSA\Semestralni_prace_DSA\Semestralni_prace_DSA\Menu.h(225,14): warning C4566: Znak, který reprezentuje universal-character-name \u010C, nemůže být reprezentovaný v aktuální znakové stránce (1252).
C:\Git\Personal\Semestralni_prace_DSA\Semestralni_prace_DSA\Semestralni_prace_DSA\Menu.h(228,14): warning C4566: Znak, který reprezentuje universal-character-name \u011B, nemůže být reprezentovaný v aktuální znakové stránce (1252).
C:\Git\Personal\Semestralni_prace_DSA\Semestralni_prace_DSA\Semestralni_prace_DSA\Menu.h(229,14): warning C4566: Znak, který reprezentuje universal-character-name \u011B, nemůže být reprezentovaný v aktuální znakové stránce (1252).
C:\Git\Personal\Semestralni_prace_DSA\Semestralni_prace_DSA\Semestralni_prace_DSA\Menu.h(235,15): warning C4566: Znak, který reprezentuje universal-character-name \u011B, nemůže být reprezentovaný v aktuální znakové stránce (1252).
C:\Git\Personal\Semestralni_prace_DSA\Semestralni_prace_DSA\Semestralni_prace_DSA\Menu.h(236,21): warning C4566: Znak, který reprezentuje universal-character-name \u011B, nemůže být reprezentovaný v aktuální znakové stránce (1252).
C:\Git\Personal\Semestralni_prace_DSA\Semestralni_prace_DSA\Semestralni_prace_DSA\Menu.h(246,15): warning C4566: Znak, který reprezentuje universal-character-name \u0159, nemůže být reprezentovaný v aktuální znakové stránce (1252).
C:\Git\Personal\Semestralni_prace_DSA\Semestralni_prace_DSA\Semestralni_prace_DSA\Menu.h(247,21): warning C4566: Znak, který reprezentuje universal-character-name \u0159, nemůže být reprezentovaný v aktuální znakové stránce (1252).
C:\Git\Personal\Semestralni_prace_DSA\Semestralni_prace_DSA\Semestralni_prace_DSA\Menu.h(251,15): warning C4566: Znak, který reprezentuje universal-character-name \u010C, nemůže být reprezentovaný v aktuální znakové stránce (1252).
C:\Git\Personal\Semestralni_prace_DSA\Semestralni_prace_DSA\Semestralni_prace_DSA\Menu.h(252,21): warning C4566: Znak, který reprezentuje universal-character-name \u010C, nemůže být reprezentovaný v aktuální znakové stránce (1252).
C:\Git\Personal\Semestralni_prace_DSA\Semestralni_prace_DSA\Semestralni_prace_DSA\Menu.h(266,15): warning C4566: Znak, který reprezentuje universal-character-name \u011B, nemůže být reprezentovaný v aktuální znakové stránce (1252).
C:\Git\Personal\Semestralni_prace_DSA\Semestralni_prace_DSA\Semestralni_prace_DSA\Menu.h(281,14): warning C4566: Znak, který reprezentuje universal-character-name \u010D, nemůže být reprezentovaný v aktuální znakové stránce (1252).
C:\Git\Personal\Semestralni_prace_DSA\Semestralni_prace_DSA\Semestralni_prace_DSA\Menu.h(288,14): warning C4566: Znak, který reprezentuje universal-character-name \u011B, nemůže být reprezentovaný v aktuální znakové stránce (1252).
C:\Git\Personal\Semestralni_prace_DSA\Semestralni_prace_DSA\Semestralni_prace_DSA\Menu.h(325,15): warning C4566: Znak, který reprezentuje universal-character-name \u011B, nemůže být reprezentovaný v aktuální znakové stránce (1252).
C:\Git\Personal\Semestralni_prace_DSA\Semestralni_prace_DSA\Semestralni_prace_DSA\Knihovna.h(124): warning C4715: Contains: ne všechny cesty k ovládacím prvkům vrací hodnotu
  Semestralni_prace_DSA.vcxproj -> C:\Git\Personal\Semestralni_prace_DSA\Semestralni_prace_DSA\x64\Debug\Semestralni_prace_DSA.exe
